<?xml version="1.0" encoding="UTF-8"?>
<testsuite xmlns:xsi="http://www.w3.org/2001/XMLSchema-instance" xsi:noNamespaceSchemaLocation="https://maven.apache.org/surefire/maven-surefire-plugin/xsd/surefire-test-report-3.0.xsd" version="3.0" name="org.app.controller.UserControllerTest" time="2.151" tests="12" errors="0" skipped="0" failures="0">
  <properties>
[...]
</properties>
  <testcase name="activateUser_shouldActivate" classname="org.app.controller.UserControllerTest" time="0.116">
    <system-out><![CDATA[21:58:56.448 [main] INFO org.springframework.test.context.support.AnnotationConfigContextLoaderUtils -- Could not detect default configuration classes for test class [org.app.controller.UserControllerTest]: UserControllerTest does not declare any static, non-private, non-final, nested classes annotated with @Configuration.
21:58:56.526 [main] INFO org.springframework.boot.test.context.SpringBootTestContextBootstrapper -- Found @SpringBootConfiguration org.app.Main for test class org.app.controller.UserControllerTest

  .   ____          _            __ _ _
 /\\ / ___'_ __ _ _(_)_ __  __ _ \ \ \ \
( ( )\___ | '_ | '_| | '_ \/ _` | \ \ \ \
 \\/  ___)| |_)| | | | | || (_| |  ) ) ) )
  '  |____| .__|_| |_|_| |_\__, | / / / /
 =========|_|==============|___/=/_/_/_/
 :: Spring Boot ::                (v3.2.2)

2025-08-11T21:58:56.801-03:00  INFO 73902 --- [           main] org.app.controller.UserControllerTest    : Starting UserControllerTest using Java 21.0.2 with PID 73902 (started by julianos in /home/julianos/Documentos/workdir/dragonite)
2025-08-11T21:58:56.802-03:00  INFO 73902 --- [           main] org.app.controller.UserControllerTest    : No active profile set, falling back to 1 default profile: "default"
2025-08-11T21:58:58.228-03:00  INFO 73902 --- [           main] o.s.b.t.m.w.SpringBootMockServletContext : Initializing Spring TestDispatcherServlet ''
2025-08-11T21:58:58.229-03:00  INFO 73902 --- [           main] o.s.t.web.servlet.TestDispatcherServlet  : Initializing Servlet ''
2025-08-11T21:58:58.232-03:00  INFO 73902 --- [           main] o.s.t.web.servlet.TestDispatcherServlet  : Completed initialization in 1 ms
2025-08-11T21:58:58.253-03:00  INFO 73902 --- [           main] org.app.controller.UserControllerTest    : Started UserControllerTest in 1.626 seconds (process running for 2.173)
]]></system-out>
    <system-err><![CDATA[WARNING: A Java agent has been loaded dynamically (/home/julianos/.m2/repository/net/bytebuddy/byte-buddy-agent/1.14.11/byte-buddy-agent-1.14.11.jar)
WARNING: If a serviceability tool is in use, please run with -XX:+EnableDynamicAgentLoading to hide this warning
WARNING: If a serviceability tool is not in use, please run with -Djdk.instrument.traceUsage for more information
WARNING: Dynamic loading of agents will be disallowed by default in a future release
]]></system-err>
  </testcase>
  <testcase name="getUser_shouldReturnUserData" classname="org.app.controller.UserControllerTest" time="0.016"/>
  <testcase name="requestDoDelete_shouldDelete" classname="org.app.controller.UserControllerTest" time="0.008"/>
  <testcase name="requestDelete_shouldRequestDelete" classname="org.app.controller.UserControllerTest" time="0.005"/>
  <testcase name="updateFullUser_shouldUpdateUser" classname="org.app.controller.UserControllerTest" time="0.021"/>
  <testcase name="recoverPasswordByEmail_shouldRecover" classname="org.app.controller.UserControllerTest" time="0.007"/>
  <testcase name="resendConfirmationAccEmail_shouldResend" classname="org.app.controller.UserControllerTest" time="0.005"/>
  <testcase name="newUser_shouldCreateUser" classname="org.app.controller.UserControllerTest" time="0.005"/>
  <testcase name="recoverPassword_shouldRecover" classname="org.app.controller.UserControllerTest" time="0.007"/>
  <testcase name="setPassword_shouldSetPassword" classname="org.app.controller.UserControllerTest" time="0.009"/>
  <testcase name="newLogin_shouldReturnUser" classname="org.app.controller.UserControllerTest" time="0.023"/>
  <testcase name="updateName_shouldUpdateName" classname="org.app.controller.UserControllerTest" time="0.006"/>
</testsuite>